<?xml version="1.0" encoding="UTF-8"?>
<coverage generated="1771142649636" clover="3.2.0">
  <project timestamp="1771142649636" name="All files">
    <metrics statements="12" coveredstatements="12" conditionals="12" coveredconditionals="11" methods="5" coveredmethods="5" elements="29" coveredelements="28" complexity="0" loc="12" ncloc="12" packages="1" files="1" classes="1"/>
    <file name="filterItems.js" path="C:\Users\awiss\K3U1-Bildgalleriet\K3U1---Bildgallariet\src\filterItems.js">
      <metrics statements="12" coveredstatements="12" conditionals="12" coveredconditionals="11" methods="5" coveredmethods="5"/>
      <line num="2" count="6" type="cond" truecount="2" falsecount="0"/>
      <line num="4" count="6" type="cond" truecount="2" falsecount="0"/>
      <line num="5" count="1" type="stmt"/>
      <line num="8" count="5" type="stmt"/>
      <line num="9" count="11" type="cond" truecount="2" falsecount="0"/>
      <line num="10" count="11" type="cond" truecount="2" falsecount="0"/>
      <line num="12" count="11" type="stmt"/>
      <line num="13" count="11" type="stmt"/>
      <line num="15" count="11" type="cond" truecount="2" falsecount="0"/>
      <line num="23" count="1" type="cond" truecount="1" falsecount="1"/>
      <line num="25" count="2" type="stmt"/>
      <line num="28" count="1" type="stmt"/>
    </file>
  </project>
</coverage>
