{"C:\\Users\\awiss\\K3U1-Bildgalleriet\\K3U1---Bildgallariet\\src\\filterItems.js": {"path":"C:\\Users\\awiss\\K3U1-Bildgalleriet\\K3U1---Bildgallariet\\src\\filterItems.js","statementMap":{"0":{"start":{"line":2,"column":12},"end":{"line":2,"column":39}},"1":{"start":{"line":4,"column":2},"end":{"line":6,"column":3}},"2":{"start":{"line":5,"column":4},"end":{"line":5,"column":14}},"3":{"start":{"line":8,"column":2},"end":{"line":16,"column":5}},"4":{"start":{"line":9,"column":18},"end":{"line":9,"column":56}},"5":{"start":{"line":10,"column":17},"end":{"line":10,"column":58}},"6":{"start":{"line":12,"column":20},"end":{"line":12,"column":37}},"7":{"start":{"line":13,"column":19},"end":{"line":13,"column":72}},"8":{"start":{"line":13,"column":36},"end":{"line":13,"column":71}},"9":{"start":{"line":15,"column":4},"end":{"line":15,"column":29}},"10":{"start":{"line":23,"column":2},"end":{"line":23,"column":39}},"11":{"start":{"line":23,"column":26},"end":{"line":23,"column":39}},"12":{"start":{"line":25,"column":2},"end":{"line":25,"column":58}},"13":{"start":{"line":25,"column":30},"end":{"line":25,"column":56}},"14":{"start":{"line":28,"column":0},"end":{"line":28,"column":51}}},"fnMap":{"0":{"name":"filterItems","decl":{"start":{"line":1,"column":9},"end":{"line":1,"column":20}},"loc":{"start":{"line":1,"column":35},"end":{"line":17,"column":1}},"line":1},"1":{"name":"(anonymous_1)","decl":{"start":{"line":8,"column":22},"end":{"line":8,"column":23}},"loc":{"start":{"line":8,"column":32},"end":{"line":16,"column":3}},"line":8},"2":{"name":"(anonymous_2)","decl":{"start":{"line":13,"column":29},"end":{"line":13,"column":30}},"loc":{"start":{"line":13,"column":36},"end":{"line":13,"column":71}},"line":13},"3":{"name":"filterByCategory","decl":{"start":{"line":22,"column":9},"end":{"line":22,"column":25}},"loc":{"start":{"line":22,"column":43},"end":{"line":26,"column":1}},"line":22},"4":{"name":"(anonymous_4)","decl":{"start":{"line":25,"column":22},"end":{"line":25,"column":23}},"loc":{"start":{"line":25,"column":30},"end":{"line":25,"column":56}},"line":25}},"branchMap":{"0":{"loc":{"start":{"line":2,"column":13},"end":{"line":2,"column":24}},"type":"binary-expr","locations":[{"start":{"line":2,"column":13},"end":{"line":2,"column":18}},{"start":{"line":2,"column":22},"end":{"line":2,"column":24}}],"line":2},"1":{"loc":{"start":{"line":4,"column":2},"end":{"line":6,"column":3}},"type":"if","locations":[{"start":{"line":4,"column":2},"end":{"line":6,"column":3}},{"start":{},"end":{}}],"line":4},"2":{"loc":{"start":{"line":9,"column":25},"end":{"line":9,"column":41}},"type":"binary-expr","locations":[{"start":{"line":9,"column":25},"end":{"line":9,"column":35}},{"start":{"line":9,"column":39},"end":{"line":9,"column":41}}],"line":9},"3":{"loc":{"start":{"line":10,"column":17},"end":{"line":10,"column":58}},"type":"cond-expr","locations":[{"start":{"line":10,"column":44},"end":{"line":10,"column":53}},{"start":{"line":10,"column":56},"end":{"line":10,"column":58}}],"line":10},"4":{"loc":{"start":{"line":15,"column":11},"end":{"line":15,"column":28}},"type":"binary-expr","locations":[{"start":{"line":15,"column":11},"end":{"line":15,"column":18}},{"start":{"line":15,"column":22},"end":{"line":15,"column":28}}],"line":15},"5":{"loc":{"start":{"line":23,"column":2},"end":{"line":23,"column":39}},"type":"if","locations":[{"start":{"line":23,"column":2},"end":{"line":23,"column":39}},{"start":{},"end":{}}],"line":23}},"s":{"0":6,"1":6,"2":1,"3":5,"4":11,"5":11,"6":11,"7":11,"8":9,"9":11,"10":1,"11":0,"12":1,"13":2,"14":1},"f":{"0":6,"1":11,"2":9,"3":1,"4":2},"b":{"0":[6,1],"1":[1,5],"2":[11,2],"3":[9,2],"4":[11,8],"5":[0,1]},"_coverageSchema":"1a1c01bbd47fc00a2c39e90264f33305004495a9","hash":"4ba3c4e9e2a1deeb4ec537e31ebfa4778e052aa5"}
}
