TN:
SF:src\filterItems.js
FN:1,filterItems
FN:8,(anonymous_1)
FN:13,(anonymous_2)
FN:22,filterByCategory
FN:25,(anonymous_4)
FNF:5
FNH:5
FNDA:6,filterItems
FNDA:11,(anonymous_1)
FNDA:9,(anonymous_2)
FNDA:1,filterByCategory
FNDA:2,(anonymous_4)
DA:2,6
DA:4,6
DA:5,1
DA:8,5
DA:9,11
DA:10,11
DA:12,11
DA:13,11
DA:15,11
DA:23,1
DA:25,2
DA:28,1
LF:12
LH:12
BRDA:2,0,0,6
BRDA:2,0,1,1
BRDA:4,1,0,1
BRDA:4,1,1,5
BRDA:9,2,0,11
BRDA:9,2,1,2
BRDA:10,3,0,9
BRDA:10,3,1,2
BRDA:15,4,0,11
BRDA:15,4,1,8
BRDA:23,5,0,0
BRDA:23,5,1,1
BRF:12
BRH:11
end_of_record
